<?xml version="1.0" encoding="utf-8"?><testsuites name="pytest tests"><testsuite name="pytest" errors="0" failures="0" skipped="0" tests="8" time="1.827" timestamp="2026-07-25T13:37:48.848469+00:00" hostname="agent-env-44e3507e-9443-4355-907d-bba9bbe5a650"><testcase classname="backend.tests.test_dashboard_current_season.TestCurrentSeasonDynamic" name="test_saison_courante_endpoint_returns_14" time="0.366" /><testcase classname="backend.tests.test_dashboard_current_season.TestCurrentSeasonDynamic" name="test_moyennes_dashboard_saison_actuelle_14" time="0.099" /><testcase classname="backend.tests.test_dashboard_current_season.TestCurrentSeasonDynamic" name="test_moyennes_dashboard_globals_regression" time="0.140" /><testcase classname="backend.tests.test_dashboard_current_season.TestCurrentSeasonDynamic" name="test_stats_saison_14_no_error" time="0.144" /><testcase classname="backend.tests.test_dashboard_current_season.TestSaisonConfigManuel" name="test_put_saison_config_accepts_is_manuel" time="0.246" /><testcase classname="backend.tests.test_dashboard_current_season.TestTransactionModePaiement" name="test_create_transaction_mode_paiement_persisted" time="0.238" /><testcase classname="backend.tests.test_dashboard_current_season.TestPaiementFractionne" name="test_facture_split_payment_ends_payee" time="0.420" /><testcase classname="backend.tests.test_dashboard_current_season.TestBlockedAccess" name="test_labague37_blocked" time="0.102" /></testsuite></testsuites>