<?xml version="1.0" encoding="utf-8"?><testsuites name="pytest tests"><testsuite name="pytest" errors="0" failures="0" skipped="0" tests="6" time="2.156" timestamp="2026-07-25T18:49:49.589463+00:00" hostname="agent-env-44e3507e-9443-4355-907d-bba9bbe5a650"><testcase classname="backend.tests.test_saison14_frontend_bug" name="test_00_baseline_saison_courante_13" time="0.452" /><testcase classname="backend.tests.test_saison14_frontend_bug" name="test_01_create_s14_event_and_endpoint_returns_14" time="0.479" /><testcase classname="backend.tests.test_saison14_frontend_bug" name="test_02_after_cleanup_back_to_13" time="0.343" /><testcase classname="backend.tests.test_saison14_frontend_bug" name="test_03_marc_antoine_blocked" time="0.095" /><testcase classname="backend.tests.test_saison14_frontend_bug" name="test_04_new_members_75_78_ok" time="0.419" /><testcase classname="backend.tests.test_saison14_frontend_bug" name="test_99_final_cleanup" time="0.320" /></testsuite></testsuites>