<?xml version="1.0" encoding="utf-8"?><testsuites name="pytest tests"><testsuite name="pytest" errors="0" failures="0" skipped="0" tests="17" time="1.759" timestamp="2026-07-25T17:37:06.792845+00:00" hostname="agent-env-44e3507e-9443-4355-907d-bba9bbe5a650"><testcase classname="backend.tests.test_saison_courante_combined_logic.TestSaisonCouranteScenarios" name="test_scenario_a_all_locked" time="0.345" /><testcase classname="backend.tests.test_saison_courante_combined_logic.TestSaisonCouranteScenarios" name="test_scenario_b_s13_unlocked" time="0.114" /><testcase classname="backend.tests.test_saison_courante_combined_logic.TestSaisonCouranteScenarios" name="test_scenario_c_none_locked" time="0.101" /><testcase classname="backend.tests.test_saison_courante_combined_logic.TestSaisonCap" name="test_cap_with_parasite_saison_25" time="0.056" /><testcase classname="backend.tests.test_saison_courante_combined_logic.TestRegressions" name="test_out_of_range_404[99]" time="0.049" /><testcase classname="backend.tests.test_saison_courante_combined_logic.TestRegressions" name="test_out_of_range_404[100]" time="0.052" /><testcase classname="backend.tests.test_saison_courante_combined_logic.TestRegressions" name="test_out_of_range_404[21]" time="0.060" /><testcase classname="backend.tests.test_saison_courante_combined_logic.TestRegressions" name="test_out_of_range_404[0]" time="0.062" /><testcase classname="backend.tests.test_saison_courante_combined_logic.TestRegressions" name="test_out_of_range_404[-1]" time="0.050" /><testcase classname="backend.tests.test_saison_courante_combined_logic.TestRegressions" name="test_marc_antoine_37_blocked" time="0.139" /><testcase classname="backend.tests.test_saison_courante_combined_logic.TestRegressions" name="test_new_members_75_78_login[labague75]" time="0.146" /><testcase classname="backend.tests.test_saison_courante_combined_logic.TestRegressions" name="test_new_members_75_78_login[labague76]" time="0.104" /><testcase classname="backend.tests.test_saison_courante_combined_logic.TestRegressions" name="test_new_members_75_78_login[labague77]" time="0.111" /><testcase classname="backend.tests.test_saison_courante_combined_logic.TestRegressions" name="test_new_members_75_78_login[labague78]" time="0.157" /><testcase classname="backend.tests.test_saison_courante_combined_logic.TestFinalCleanup" name="test_no_parasite_saison_gt_20" time="0.001" /><testcase classname="backend.tests.test_saison_courante_combined_logic.TestFinalCleanup" name="test_s1_to_s13_all_locked" time="0.001" /><testcase classname="backend.tests.test_saison_courante_combined_logic.TestFinalCleanup" name="test_no_test_data" time="0.012" /></testsuite></testsuites>