<?xml version="1.0" encoding="utf-8"?><testsuites name="pytest tests"><testsuite name="pytest" errors="0" failures="0" skipped="0" tests="9" time="2.962" timestamp="2026-07-25T20:01:54.935722+00:00" hostname="agent-env-44e3507e-9443-4355-907d-bba9bbe5a650"><testcase classname="backend.tests.test_cloturer_saison" name="test_01_baseline_saison_courante_13" time="0.449" /><testcase classname="backend.tests.test_cloturer_saison" name="test_02_cloturer_s13_creates_s14" time="0.233" /><testcase classname="backend.tests.test_cloturer_saison" name="test_03_s13_locked_and_s14_exists" time="0.219" /><testcase classname="backend.tests.test_cloturer_saison" name="test_04_idempotent_second_call" time="0.472" /><testcase classname="backend.tests.test_cloturer_saison" name="test_05_reject_saison_out_of_range" time="0.426" /><testcase classname="backend.tests.test_cloturer_saison" name="test_06_saison_config_out_of_range_404" time="0.348" /><testcase classname="backend.tests.test_cloturer_saison" name="test_07_marc_antoine_blocked" time="0.107" /><testcase classname="backend.tests.test_cloturer_saison" name="test_08_new_members_75_78_ok" time="0.435" /><testcase classname="backend.tests.test_cloturer_saison" name="test_99_final_cleanup_state" time="0.134" /></testsuite></testsuites>