<?xml version="1.0" encoding="utf-8"?><testsuites name="pytest tests"><testsuite name="pytest" errors="0" failures="0" skipped="0" tests="16" time="1.570" timestamp="2026-07-25T17:44:39.978385+00:00" hostname="agent-env-44e3507e-9443-4355-907d-bba9bbe5a650"><testcase classname="backend.tests.test_saison_courante_max_present.TestMaxSaisonPresente" name="test_a_baseline_returns_13" time="0.379" /><testcase classname="backend.tests.test_saison_courante_max_present.TestMaxSaisonPresente" name="test_b_after_adding_s14_event_returns_14" time="0.105" /><testcase classname="backend.tests.test_saison_courante_max_present.TestMaxSaisonPresente" name="test_c_after_deleting_s14_returns_13" time="0.105" /><testcase classname="backend.tests.test_saison_courante_max_present.TestMaxSaisonPresente" name="test_d_s15_event_returns_15" time="0.152" /><testcase classname="backend.tests.test_saison_courante_max_present.TestBornes" name="test_saison_99_ignored" time="0.111" /><testcase classname="backend.tests.test_saison_courante_max_present.TestNoYearDependency" name="test_source_has_no_year_2012_arithmetic" time="0.002" /><testcase classname="backend.tests.test_saison_courante_max_present.TestRegressions" name="test_marc_antoine_37_blocked" time="0.119" /><testcase classname="backend.tests.test_saison_courante_max_present.TestRegressions" name="test_saisons_config_out_of_range_404[21]" time="0.057" /><testcase classname="backend.tests.test_saison_courante_max_present.TestRegressions" name="test_saisons_config_out_of_range_404[99]" time="0.054" /><testcase classname="backend.tests.test_saison_courante_max_present.TestRegressions" name="test_saisons_config_out_of_range_404[100]" time="0.129" /><testcase classname="backend.tests.test_saison_courante_max_present.TestRegressions" name="test_saisons_config_out_of_range_404[0]" time="0.050" /><testcase classname="backend.tests.test_saison_courante_max_present.TestRegressions" name="test_saisons_config_out_of_range_404[-1]" time="0.053" /><testcase classname="backend.tests.test_saison_courante_max_present.TestFinalCleanup" name="test_no_residual_events_gt_13" time="0.001" /><testcase classname="backend.tests.test_saison_courante_max_present.TestFinalCleanup" name="test_no_residual_configs_gt_13" time="0.001" /><testcase classname="backend.tests.test_saison_courante_max_present.TestFinalCleanup" name="test_no_tag_residual" time="0.001" /><testcase classname="backend.tests.test_saison_courante_max_present.TestFinalCleanup" name="test_baseline_saison_still_13" time="0.104" /></testsuite></testsuites>