<?xml version="1.0" encoding="utf-8"?><testsuites name="pytest tests"><testsuite name="pytest" errors="0" failures="0" skipped="0" tests="9" time="2.914" timestamp="2026-07-25T19:46:52.868197+00:00" hostname="agent-env-44e3507e-9443-4355-907d-bba9bbe5a650"><testcase classname="backend.tests.test_cloturer_saison" name="test_01_baseline_saison_courante_13" time="0.314" /><testcase classname="backend.tests.test_cloturer_saison" name="test_02_cloturer_s13_creates_s14" time="0.288" /><testcase classname="backend.tests.test_cloturer_saison" name="test_03_s13_locked_and_s14_exists" time="0.207" /><testcase classname="backend.tests.test_cloturer_saison" name="test_04_idempotent_second_call" time="0.437" /><testcase classname="backend.tests.test_cloturer_saison" name="test_05_reject_saison_out_of_range" time="0.493" /><testcase classname="backend.tests.test_cloturer_saison" name="test_06_saison_config_out_of_range_404" time="0.326" /><testcase classname="backend.tests.test_cloturer_saison" name="test_07_marc_antoine_blocked" time="0.097" /><testcase classname="backend.tests.test_cloturer_saison" name="test_08_new_members_75_78_ok" time="0.473" /><testcase classname="backend.tests.test_cloturer_saison" name="test_99_final_cleanup_state" time="0.137" /></testsuite></testsuites>