<?xml version="1.0" encoding="utf-8"?><testsuites name="pytest tests"><testsuite name="pytest" errors="0" failures="0" skipped="0" tests="21" time="1.285" timestamp="2026-07-25T14:34:27.827273+00:00" hostname="agent-env-44e3507e-9443-4355-907d-bba9bbe5a650"><testcase classname="backend.tests.test_saison_courante_bugfix.TestSaisonCourante" name="test_returns_valid_season" time="0.181" /><testcase classname="backend.tests.test_saison_courante_bugfix.TestSaisonCourante" name="test_returns_saison_14" time="0.044" /><testcase classname="backend.tests.test_saison_courante_bugfix.TestSaisonCourante" name="test_no_parasite_in_db" time="0.008" /><testcase classname="backend.tests.test_saison_courante_bugfix.TestSaisonsConfigOutOfRange" name="test_out_of_range_returns_404[99]" time="0.053" /><testcase classname="backend.tests.test_saison_courante_bugfix.TestSaisonsConfigOutOfRange" name="test_out_of_range_returns_404[100]" time="0.048" /><testcase classname="backend.tests.test_saison_courante_bugfix.TestSaisonsConfigOutOfRange" name="test_out_of_range_returns_404[0]" time="0.049" /><testcase classname="backend.tests.test_saison_courante_bugfix.TestSaisonsConfigOutOfRange" name="test_out_of_range_returns_404[-1]" time="0.048" /><testcase classname="backend.tests.test_saison_courante_bugfix.TestSaisonsConfigOutOfRange" name="test_out_of_range_returns_404[21]" time="0.050" /><testcase classname="backend.tests.test_saison_courante_bugfix.TestSaisonsConfigOutOfRange" name="test_out_of_range_returns_404[1000]" time="0.046" /><testcase classname="backend.tests.test_saison_courante_bugfix.TestSaisonsConfigOutOfRange" name="test_out_of_range_not_persisted" time="0.004" /><testcase classname="backend.tests.test_saison_courante_bugfix.TestMoyennesDashboard" name="test_saison_actuelle_bounded" time="0.049" /><testcase classname="backend.tests.test_saison_courante_bugfix.TestMoyennesDashboard" name="test_pct_saison_actuelle_zero" time="0.047" /><testcase classname="backend.tests.test_saison_courante_bugfix.TestSaisonsConfigValid" name="test_get_valid_season_creates_clean" time="0.049" /><testcase classname="backend.tests.test_saison_courante_bugfix.TestSaisonsConfigValid" name="test_get_saison_13_locked" time="0.052" /><testcase classname="backend.tests.test_saison_courante_bugfix.TestMemberLogins" name="test_new_members_login[labague75]" time="0.047" /><testcase classname="backend.tests.test_saison_courante_bugfix.TestMemberLogins" name="test_new_members_login[labague76]" time="0.048" /><testcase classname="backend.tests.test_saison_courante_bugfix.TestMemberLogins" name="test_new_members_login[labague77]" time="0.046" /><testcase classname="backend.tests.test_saison_courante_bugfix.TestMemberLogins" name="test_new_members_login[labague78]" time="0.045" /><testcase classname="backend.tests.test_saison_courante_bugfix.TestMemberLogins" name="test_marc_antoine_37_blocked" time="0.043" /><testcase classname="backend.tests.test_saison_courante_bugfix.TestSplitPayment" name="test_split_payment_flow" time="0.194" /><testcase classname="backend.tests.test_saison_courante_bugfix.TestFinalCleanup" name="test_no_parasite_data_remains" time="0.005" /></testsuite></testsuites>