<?xml version="1.0" encoding="utf-8"?><testsuites name="pytest tests"><testsuite name="pytest" errors="0" failures="0" skipped="0" tests="5" time="4.881" timestamp="2026-07-28T11:35:10.706034+00:00" hostname="agent-env-dc9dd9ee-b6ff-4520-8326-f223406460fc"><testcase classname="backend.tests.test_paiements_caisse_mode" name="test_s1_encaissement_cotisation_chez_jacques_virement" time="1.214" /><testcase classname="backend.tests.test_paiements_caisse_mode" name="test_s2_encaissement_dette_paypal" time="0.825" /><testcase classname="backend.tests.test_paiements_caisse_mode" name="test_s3_combinaisons_caisse_mode[Compte-Virement-Compte Bancaire]" time="0.919" /><testcase classname="backend.tests.test_paiements_caisse_mode" name="test_s3_combinaisons_caisse_mode[Asso Connect-CB-Asso Connect]" time="0.920" /><testcase classname="backend.tests.test_paiements_caisse_mode" name="test_s3_combinaisons_caisse_mode[Ch\xe8que-Ch\xe8que-Compte Bancaire]" time="0.955" /></testsuite></testsuites>