<?xml version="1.0" encoding="utf-8"?><testsuites name="pytest tests"><testsuite name="pytest" errors="0" failures="0" skipped="0" tests="4" time="2.566" timestamp="2026-07-27T17:22:36.570992+00:00" hostname="agent-env-dc9dd9ee-b6ff-4520-8326-f223406460fc"><testcase classname="backend.tests.test_reponse_manuelle_no_double.TestReponseManuelleNoDoublon" name="test_1_manual_creates_evt_response_then_member_confirms_no_double" time="1.349" /><testcase classname="backend.tests.test_reponse_manuelle_no_double.TestReponseManuelleNoDoublon" name="test_2_change_to_absent_decrements" time="0.348" /><testcase classname="backend.tests.test_reponse_manuelle_no_double.TestReponseManuelleNoDoublon" name="test_3_change_only_menu_no_delta" time="0.316" /><testcase classname="backend.tests.test_reponse_manuelle_no_double.TestReponseManuelleNoDoublon" name="test_4_delete_manuelle_cascades_reponses_evenements" time="0.271" /></testsuite></testsuites>