<?xml version="1.0" encoding="utf-8"?><testsuites name="pytest tests"><testsuite name="pytest" errors="0" failures="0" skipped="0" tests="11" time="2.214" timestamp="2026-04-12T10:28:37.307713+00:00" hostname="agent-env-6fe20482-393a-406d-b9ed-79fe6381baa8"><testcase classname="backend.tests.test_new_features.TestMembersAPI" name="test_get_members_returns_list" time="0.143" /><testcase classname="backend.tests.test_new_features.TestMembersAPI" name="test_jacques_amadei_is_tresorier" time="0.103" /><testcase classname="backend.tests.test_new_features.TestMembersAPI" name="test_vesperini_is_secretaire" time="0.104" /><testcase classname="backend.tests.test_new_features.TestPaiementsEnAttenteAPI" name="test_get_paiements_en_attente" time="0.104" /><testcase classname="backend.tests.test_new_features.TestPaiementsEnAttenteAPI" name="test_create_paiement_en_attente" time="0.326" /><testcase classname="backend.tests.test_new_features.TestPaiementsEnAttenteAPI" name="test_get_paiements_by_membre" time="0.230" /><testcase classname="backend.tests.test_new_features.TestReponsesManuelles" name="test_get_reponses_manuelles" time="0.252" /><testcase classname="backend.tests.test_new_features.TestReponsesManuelles" name="test_create_reponse_manuelle_absent" time="0.439" /><testcase classname="backend.tests.test_new_features.TestMarcAntoineGuillotAbsent" name="test_marc_antoine_not_in_non_repondants" time="0.258" /><testcase classname="backend.tests.test_new_features.TestKeyLogin" name="test_login_labague1_president" time="0.106" /><testcase classname="backend.tests.test_new_features.TestKeyLogin" name="test_login_labague3_tresorier" time="0.099" /></testsuite></testsuites>