<?xml version="1.0" encoding="utf-8"?><testsuites name="pytest tests"><testsuite name="pytest" errors="0" failures="0" skipped="0" tests="22" time="12.349" timestamp="2026-07-28T11:35:21.178571+00:00" hostname="agent-env-dc9dd9ee-b6ff-4520-8326-f223406460fc"><testcase classname="backend.tests.test_reponse_manuelle_no_double.TestReponseManuelleNoDoublon" name="test_1_manual_creates_evt_response_then_member_confirms_no_double" time="0.745" /><testcase classname="backend.tests.test_reponse_manuelle_no_double.TestReponseManuelleNoDoublon" name="test_2_change_to_absent_decrements" time="0.212" /><testcase classname="backend.tests.test_reponse_manuelle_no_double.TestReponseManuelleNoDoublon" name="test_3_change_only_menu_no_delta" time="0.236" /><testcase classname="backend.tests.test_reponse_manuelle_no_double.TestReponseManuelleNoDoublon" name="test_4_delete_manuelle_cascades_reponses_evenements" time="0.231" /><testcase classname="backend.tests.test_reponse_manuelle_no_double.TestReponseManuelleNoDoublon" name="test_A_add_delete_add_cycle_decrement_and_relog" time="0.326" /><testcase classname="backend.tests.test_reponse_manuelle_no_double.TestReponseManuelleNoDoublon" name="test_B_delete_no_negative_when_counter_zero" time="0.231" /><testcase classname="backend.tests.test_reponse_manuelle_no_double.TestReponseManuelleNoDoublon" name="test_C_delete_absent_no_decrement" time="0.213" /><testcase classname="backend.tests.test_saisons_lock_v14.TestSaisonActuelle" name="test_saison_actuelle_no_auth" time="0.097" /><testcase classname="backend.tests.test_saisons_lock_v14.TestSaisonActuelle" name="test_moyennes_dashboard_saison_actuelle_dynamique" time="0.322" /><testcase classname="backend.tests.test_saisons_lock_v14.TestSaisonLock" name="test_get_config_s14" time="0.107" /><testcase classname="backend.tests.test_saisons_lock_v14.TestSaisonLock" name="test_verrouiller_requires_auth" time="0.095" /><testcase classname="backend.tests.test_saisons_lock_v14.TestSaisonLock" name="test_verrouiller_forbidden_for_regular_member" time="0.200" /><testcase classname="backend.tests.test_saisons_lock_v14.TestSaisonLock" name="test_lock_unlock_roundtrip_admin" time="0.402" /><testcase classname="backend.tests.test_saisons_lock_v14.TestSaisonLock" name="test_lock_unlock_tresorier_ok" time="0.201" /><testcase classname="backend.tests.test_saisons_lock_v14.TestSaisonLock" name="test_verrouiller_404_for_unknown_saison" time="0.102" /><testcase classname="backend.tests.test_saisons_lock_v14.TestSaisonLock" name="test_saisons_resume_no_cap_at_12" time="0.102" /><testcase classname="backend.tests.test_saisons_lock_v14.TestReponseSondageDelta" name="test_delta_never_negative" time="3.660" /><testcase classname="backend.tests.test_saisons_lock_v14.TestNbMembresActifsRegleManuelOuDynamique" name="test_saisons_resume_membres_regle_manuelle_ou_dynamique" time="3.163" /><testcase classname="backend.tests.test_saisons_lock_v14.TestNbMembresActifsRegleManuelOuDynamique" name="test_moyennes_dashboard_membres_regle" time="0.111" /><testcase classname="backend.tests.test_saisons_lock_v14.TestNbMembresActifsRegleManuelOuDynamique" name="test_s14_fallback_dynamique_meme_apres_lock_unlock" time="0.535" /><testcase classname="backend.tests.test_saisons_lock_v14.TestNbMembresActifsRegleManuelOuDynamique" name="test_verrouillage_ne_modifie_pas_valeurs_historiques" time="0.502" /><testcase classname="backend.tests.test_saisons_lock_v14.TestNbMembresActifsRegleManuelOuDynamique" name="test_ajout_membre_incremente_compteur_si_dynamique" time="0.420" /></testsuite></testsuites>