<?xml version="1.0" encoding="utf-8"?><testsuites name="pytest tests"><testsuite name="pytest" errors="0" failures="0" skipped="0" tests="7" time="3.071" timestamp="2026-07-27T17:26:27.470675+00:00" hostname="agent-env-dc9dd9ee-b6ff-4520-8326-f223406460fc"><testcase classname="backend.tests.test_reponse_manuelle_no_double.TestReponseManuelleNoDoublon" name="test_1_manual_creates_evt_response_then_member_confirms_no_double" time="1.011" /><testcase classname="backend.tests.test_reponse_manuelle_no_double.TestReponseManuelleNoDoublon" name="test_2_change_to_absent_decrements" time="0.283" /><testcase classname="backend.tests.test_reponse_manuelle_no_double.TestReponseManuelleNoDoublon" name="test_3_change_only_menu_no_delta" time="0.297" /><testcase classname="backend.tests.test_reponse_manuelle_no_double.TestReponseManuelleNoDoublon" name="test_4_delete_manuelle_cascades_reponses_evenements" time="0.254" /><testcase classname="backend.tests.test_reponse_manuelle_no_double.TestReponseManuelleNoDoublon" name="test_A_add_delete_add_cycle_decrement_and_relog" time="0.396" /><testcase classname="backend.tests.test_reponse_manuelle_no_double.TestReponseManuelleNoDoublon" name="test_B_delete_no_negative_when_counter_zero" time="0.335" /><testcase classname="backend.tests.test_reponse_manuelle_no_double.TestReponseManuelleNoDoublon" name="test_C_delete_absent_no_decrement" time="0.357" /></testsuite></testsuites>