<?xml version="1.0" encoding="utf-8"?><testsuites name="pytest tests"><testsuite name="pytest" errors="0" failures="0" skipped="0" tests="17" time="17.752" timestamp="2026-03-11T17:20:18.426551+00:00" hostname="agent-env-03826283-1c91-410a-930f-967557fa2252"><testcase classname="backend.tests.test_cigarotheque_api.TestCatalogueCigares" name="test_get_cigares_list" time="1.592" /><testcase classname="backend.tests.test_cigarotheque_api.TestCatalogueCigares" name="test_get_cigares_with_search_filter" time="0.925" /><testcase classname="backend.tests.test_cigarotheque_api.TestCatalogueCigares" name="test_get_cigares_with_pays_filter" time="0.931" /><testcase classname="backend.tests.test_cigarotheque_api.TestCatalogueCigares" name="test_get_cigares_with_puissance_filter" time="1.000" /><testcase classname="backend.tests.test_cigarotheque_api.TestCatalogueCigares" name="test_get_cigares_with_prix_filter" time="0.984" /><testcase classname="backend.tests.test_cigarotheque_api.TestCatalogueCigares" name="test_get_cigares_pagination" time="1.807" /><testcase classname="backend.tests.test_cigarotheque_api.TestCigaresFiltres" name="test_get_filtres" time="1.188" /><testcase classname="backend.tests.test_cigarotheque_api.TestCigareUpdate" name="test_update_cigare" time="3.456" /><testcase classname="backend.tests.test_cigarotheque_api.TestCigareUpdate" name="test_update_cigare_not_found" time="0.880" /><testcase classname="backend.tests.test_cigarotheque_api.TestAperoClub" name="test_get_apero_club_list" time="0.118" /><testcase classname="backend.tests.test_cigarotheque_api.TestAperoClub" name="test_add_and_delete_apero_club_cigare" time="0.482" /><testcase classname="backend.tests.test_cigarotheque_api.TestMaCigarotheque" name="test_get_ma_cigarotheque" time="0.152" /><testcase classname="backend.tests.test_cigarotheque_api.TestMaCigarotheque" name="test_add_cigare_to_collection" time="0.107" /><testcase classname="backend.tests.test_cigarotheque_api.TestMaCigarotheque" name="test_update_cigare_note" time="0.534" /><testcase classname="backend.tests.test_cigarotheque_api.TestMaCigarotheque" name="test_delete_cigare_from_collection" time="0.431" /><testcase classname="backend.tests.test_cigarotheque_api.TestCigareDetail" name="test_get_cigare_detail" time="1.645" /><testcase classname="backend.tests.test_cigarotheque_api.TestCigareDetail" name="test_get_cigare_detail_not_found" time="1.308" /></testsuite></testsuites>