<?xml version="1.0" encoding="utf-8"?><testsuites name="pytest tests"><testsuite name="pytest" errors="0" failures="0" skipped="0" tests="15" time="8.771" timestamp="2026-07-27T13:03:01.414164+00:00" hostname="agent-env-dc9dd9ee-b6ff-4520-8326-f223406460fc"><testcase classname="backend.tests.test_saisons_lock_v14.TestSaisonActuelle" name="test_saison_actuelle_no_auth" time="0.285" /><testcase classname="backend.tests.test_saisons_lock_v14.TestSaisonActuelle" name="test_moyennes_dashboard_saison_actuelle_dynamique" time="0.386" /><testcase classname="backend.tests.test_saisons_lock_v14.TestSaisonLock" name="test_get_config_s14" time="0.132" /><testcase classname="backend.tests.test_saisons_lock_v14.TestSaisonLock" name="test_verrouiller_requires_auth" time="0.098" /><testcase classname="backend.tests.test_saisons_lock_v14.TestSaisonLock" name="test_verrouiller_forbidden_for_regular_member" time="0.238" /><testcase classname="backend.tests.test_saisons_lock_v14.TestSaisonLock" name="test_lock_unlock_roundtrip_admin" time="0.431" /><testcase classname="backend.tests.test_saisons_lock_v14.TestSaisonLock" name="test_lock_unlock_tresorier_ok" time="0.214" /><testcase classname="backend.tests.test_saisons_lock_v14.TestSaisonLock" name="test_verrouiller_404_for_unknown_saison" time="0.104" /><testcase classname="backend.tests.test_saisons_lock_v14.TestSaisonLock" name="test_saisons_resume_no_cap_at_12" time="0.100" /><testcase classname="backend.tests.test_saisons_lock_v14.TestReponseSondageDelta" name="test_delta_never_negative" time="1.622" /><testcase classname="backend.tests.test_saisons_lock_v14.TestNbMembresActifsRegleManuelOuDynamique" name="test_saisons_resume_membres_regle_manuelle_ou_dynamique" time="3.529" /><testcase classname="backend.tests.test_saisons_lock_v14.TestNbMembresActifsRegleManuelOuDynamique" name="test_moyennes_dashboard_membres_regle" time="0.102" /><testcase classname="backend.tests.test_saisons_lock_v14.TestNbMembresActifsRegleManuelOuDynamique" name="test_s14_fallback_dynamique_meme_apres_lock_unlock" time="0.559" /><testcase classname="backend.tests.test_saisons_lock_v14.TestNbMembresActifsRegleManuelOuDynamique" name="test_verrouillage_ne_modifie_pas_valeurs_historiques" time="0.401" /><testcase classname="backend.tests.test_saisons_lock_v14.TestNbMembresActifsRegleManuelOuDynamique" name="test_ajout_membre_incremente_compteur_si_dynamique" time="0.485" /></testsuite></testsuites>