<?xml version="1.0" encoding="utf-8"?><testsuites name="pytest tests"><testsuite name="pytest" errors="0" failures="0" skipped="0" tests="15" time="4.652" timestamp="2026-03-10T12:37:56.507647+00:00" hostname="agent-env-f087ae34-ec3b-42a4-b9f2-ef80b610c91b"><testcase classname="backend.tests.test_comptabilite_api.TestComptes" name="test_get_comptes" time="0.150" /><testcase classname="backend.tests.test_comptabilite_api.TestComptes" name="test_comptes_contains_expected_accounts" time="0.118" /><testcase classname="backend.tests.test_comptabilite_api.TestTransactions" name="test_get_transactions" time="0.116" /><testcase classname="backend.tests.test_comptabilite_api.TestTransactions" name="test_get_transactions_summary" time="0.116" /><testcase classname="backend.tests.test_comptabilite_api.TestTransactions" name="test_create_transaction_recette" time="0.529" /><testcase classname="backend.tests.test_comptabilite_api.TestTransactions" name="test_create_transaction_depense" time="0.466" /><testcase classname="backend.tests.test_comptabilite_api.TestDettes" name="test_get_dettes" time="0.113" /><testcase classname="backend.tests.test_comptabilite_api.TestDettes" name="test_dette_structure" time="0.109" /><testcase classname="backend.tests.test_comptabilite_api.TestDettes" name="test_create_and_delete_dette" time="0.581" /><testcase classname="backend.tests.test_comptabilite_api.TestVirements" name="test_virement_between_comptes" time="0.443" /><testcase classname="backend.tests.test_comptabilite_api.TestVirements" name="test_virement_insufficient_funds" time="0.104" /><testcase classname="backend.tests.test_comptabilite_api.TestVirements" name="test_virement_same_account" time="0.131" /><testcase classname="backend.tests.test_comptabilite_api.TestVirements" name="test_virement_dehors_to_compte" time="0.667" /><testcase classname="backend.tests.test_comptabilite_api.TestDetteReglement" name="test_dette_reglement_workflow" time="0.840" /><testcase classname="backend.tests.test_comptabilite_api.TestMembers" name="test_get_members" time="0.110" /></testsuite></testsuites>