<?xml version="1.0" encoding="utf-8"?><testsuites name="pytest tests"><testsuite name="pytest" errors="0" failures="0" skipped="0" tests="14" time="1.981" timestamp="2026-03-04T10:24:33.837152+00:00" hostname="agent-env-57fa0f8f-09c5-4f47-9dd9-2c9d23927388"><testcase classname="tests.test_statistiques_api.TestSaisonsResumeAPI" name="test_saisons_resume_returns_200" time="0.185" /><testcase classname="tests.test_statistiques_api.TestSaisonsResumeAPI" name="test_saisons_resume_contains_required_fields" time="0.109" /><testcase classname="tests.test_statistiques_api.TestSaisonsResumeAPI" name="test_saisons_resume_structure" time="0.140" /><testcase classname="tests.test_statistiques_api.TestMoyennesDashboardAPI" name="test_moyennes_dashboard_returns_200" time="0.115" /><testcase classname="tests.test_statistiques_api.TestMoyennesDashboardAPI" name="test_moyennes_dashboard_contains_required_fields" time="0.106" /><testcase classname="tests.test_statistiques_api.TestMoyennesDashboardAPI" name="test_moyennes_dashboard_complete_structure" time="0.111" /><testcase classname="tests.test_statistiques_api.TestManualStatsAPI" name="test_manual_stats_post_returns_success" time="0.100" /><testcase classname="tests.test_statistiques_api.TestManualStatsAPI" name="test_manual_stats_verify_persistence" time="0.210" /><testcase classname="tests.test_statistiques_api.TestManualStatsAPI" name="test_manual_stats_partial_update" time="0.221" /><testcase classname="tests.test_statistiques_api.TestSaisonsConfigAPI" name="test_get_saisons_config_returns_200" time="0.100" /><testcase classname="tests.test_statistiques_api.TestSaisonsConfigAPI" name="test_get_single_saison_config" time="0.157" /><testcase classname="tests.test_statistiques_api.TestStatistiquesGlobalAPI" name="test_global_stats_returns_200" time="0.109" /><testcase classname="tests.test_statistiques_api.TestStatistiquesGlobalAPI" name="test_global_stats_structure" time="0.103" /><testcase classname="tests.test_statistiques_api.TestMembersAPI" name="test_get_members_returns_200" time="0.106" /></testsuite></testsuites>