<?xml version="1.0" encoding="utf-8"?><testsuites name="pytest tests"><testsuite name="pytest" errors="0" failures="0" skipped="0" tests="6" time="1.968" timestamp="2026-04-09T09:08:31.773190+00:00" hostname="agent-env-070f9dbc-6fd3-448e-a833-472308d8263a"><testcase classname="backend.tests.test_messages_targeted.TestTargetedMessaging" name="test_send_message_to_all_members_empty_destinataires" time="0.356" /><testcase classname="backend.tests.test_messages_targeted.TestTargetedMessaging" name="test_send_message_to_specific_members" time="0.206" /><testcase classname="backend.tests.test_messages_targeted.TestTargetedMessaging" name="test_send_message_to_single_member" time="0.214" /><testcase classname="backend.tests.test_messages_targeted.TestTargetedMessaging" name="test_message_stored_with_destinataires" time="0.238" /><testcase classname="backend.tests.test_messages_targeted.TestTargetedMessaging" name="test_message_types" time="0.698" /><testcase classname="backend.tests.test_messages_targeted.TestMembersEndpoint" name="test_get_all_members" time="0.147" /></testsuite></testsuites>