<?xml version="1.0" encoding="utf-8"?><testsuites name="pytest tests"><testsuite name="pytest" errors="0" failures="0" skipped="0" tests="14" time="6.419" timestamp="2026-07-27T12:57:34.025467+00:00" hostname="agent-env-dc9dd9ee-b6ff-4520-8326-f223406460fc"><testcase classname="backend.tests.test_saisons_lock_v14.TestSaisonActuelle" name="test_saison_actuelle_no_auth" time="0.137" /><testcase classname="backend.tests.test_saisons_lock_v14.TestSaisonActuelle" name="test_moyennes_dashboard_saison_actuelle_dynamique" time="0.318" /><testcase classname="backend.tests.test_saisons_lock_v14.TestSaisonLock" name="test_get_config_s14" time="0.096" /><testcase classname="backend.tests.test_saisons_lock_v14.TestSaisonLock" name="test_verrouiller_requires_auth" time="0.101" /><testcase classname="backend.tests.test_saisons_lock_v14.TestSaisonLock" name="test_verrouiller_forbidden_for_regular_member" time="0.204" /><testcase classname="backend.tests.test_saisons_lock_v14.TestSaisonLock" name="test_lock_unlock_roundtrip_admin" time="0.416" /><testcase classname="backend.tests.test_saisons_lock_v14.TestSaisonLock" name="test_lock_unlock_tresorier_ok" time="0.288" /><testcase classname="backend.tests.test_saisons_lock_v14.TestSaisonLock" name="test_verrouiller_404_for_unknown_saison" time="0.099" /><testcase classname="backend.tests.test_saisons_lock_v14.TestSaisonLock" name="test_saisons_resume_no_cap_at_12" time="0.103" /><testcase classname="backend.tests.test_saisons_lock_v14.TestReponseSondageDelta" name="test_delta_never_negative" time="3.528" /><testcase classname="backend.tests.test_saisons_lock_v14.TestNbMembresActifsDynamique" name="test_saisons_resume_membres_dynamique" time="0.364" /><testcase classname="backend.tests.test_saisons_lock_v14.TestNbMembresActifsDynamique" name="test_moyennes_dashboard_membres_dynamique" time="0.097" /><testcase classname="backend.tests.test_saisons_lock_v14.TestNbMembresActifsDynamique" name="test_is_manuel_dynamic_members_but_manual_presences" time="0.201" /><testcase classname="backend.tests.test_saisons_lock_v14.TestNbMembresActifsDynamique" name="test_ajout_membre_incremente_compteur" time="0.413" /></testsuite></testsuites>