<?xml version="1.0" encoding="utf-8"?><testsuites name="pytest tests"><testsuite name="pytest" errors="0" failures="0" skipped="0" tests="9" time="6.322" timestamp="2026-04-10T08:36:11.381990+00:00" hostname="agent-env-5827ae23-5147-46cb-8bd6-07dcba80b48a"><testcase classname="backend.tests.test_favoris.TestFavorisAPI" name="test_get_catalogue_cigares" time="1.188" /><testcase classname="backend.tests.test_favoris.TestFavorisAPI" name="test_toggle_favori_from_catalogue_add" time="1.148" /><testcase classname="backend.tests.test_favoris.TestFavorisAPI" name="test_get_ma_cigarotheque" time="0.399" /><testcase classname="backend.tests.test_favoris.TestFavorisAPI" name="test_toggle_favori_in_ma_cigarotheque" time="0.470" /><testcase classname="backend.tests.test_favoris.TestFavorisAPI" name="test_get_favoris_endpoint" time="0.377" /><testcase classname="backend.tests.test_favoris.TestFavorisAPI" name="test_toggle_favori_from_catalogue_toggle_off" time="1.208" /><testcase classname="backend.tests.test_favoris.TestFavorisAPI" name="test_toggle_favori_nonexistent_cigare" time="0.623" /><testcase classname="backend.tests.test_favoris.TestAperoClubFavoris" name="test_get_apero_club" time="0.412" /><testcase classname="backend.tests.test_favoris.TestAperoClubFavoris" name="test_toggle_favori_from_apero_club" time="0.433" /></testsuite></testsuites>