<?xml version="1.0" encoding="utf-8"?><testsuites name="pytest tests"><testsuite name="pytest" errors="0" failures="0" skipped="0" tests="9" time="1.424" timestamp="2026-04-09T09:19:23.169834+00:00" hostname="agent-env-070f9dbc-6fd3-448e-a833-472308d8263a"><testcase classname="backend.tests.test_webauthn_api.TestWebAuthnCheckEndpoint" name="test_check_passkey_for_member_without_passkey" time="0.472" /><testcase classname="backend.tests.test_webauthn_api.TestWebAuthnCheckEndpoint" name="test_check_passkey_for_nonexistent_member" time="0.108" /><testcase classname="backend.tests.test_webauthn_api.TestWebAuthnPasskeysEndpoint" name="test_get_passkeys_for_member" time="0.101" /><testcase classname="backend.tests.test_webauthn_api.TestWebAuthnPasskeysEndpoint" name="test_get_passkeys_for_nonexistent_member" time="0.108" /><testcase classname="backend.tests.test_webauthn_api.TestWebAuthnRegisterOptions" name="test_generate_registration_options" time="0.150" /><testcase classname="backend.tests.test_webauthn_api.TestWebAuthnRegisterOptions" name="test_register_options_for_nonexistent_member" time="0.097" /><testcase classname="backend.tests.test_webauthn_api.TestWebAuthnAuthenticateOptions" name="test_generate_authentication_options_without_member_id" time="0.114" /><testcase classname="backend.tests.test_webauthn_api.TestWebAuthnAuthenticateOptions" name="test_generate_authentication_options_with_member_id" time="0.102" /><testcase classname="backend.tests.test_webauthn_api.TestWebAuthnRPIDConfiguration" name="test_rp_id_uses_public_domain_not_kubernetes" time="0.104" /></testsuite></testsuites>