<?xml version="1.0" encoding="utf-8"?><testsuites name="pytest tests"><testsuite name="pytest" errors="0" failures="0" skipped="0" tests="15" time="10.394" timestamp="2026-07-27T17:26:36.578816+00:00" hostname="agent-env-dc9dd9ee-b6ff-4520-8326-f223406460fc"><testcase classname="backend.tests.test_saisons_lock_v14.TestSaisonActuelle" name="test_saison_actuelle_no_auth" time="0.144" /><testcase classname="backend.tests.test_saisons_lock_v14.TestSaisonActuelle" name="test_moyennes_dashboard_saison_actuelle_dynamique" time="0.372" /><testcase classname="backend.tests.test_saisons_lock_v14.TestSaisonLock" name="test_get_config_s14" time="0.112" /><testcase classname="backend.tests.test_saisons_lock_v14.TestSaisonLock" name="test_verrouiller_requires_auth" time="0.129" /><testcase classname="backend.tests.test_saisons_lock_v14.TestSaisonLock" name="test_verrouiller_forbidden_for_regular_member" time="0.286" /><testcase classname="backend.tests.test_saisons_lock_v14.TestSaisonLock" name="test_lock_unlock_roundtrip_admin" time="0.487" /><testcase classname="backend.tests.test_saisons_lock_v14.TestSaisonLock" name="test_lock_unlock_tresorier_ok" time="0.250" /><testcase classname="backend.tests.test_saisons_lock_v14.TestSaisonLock" name="test_verrouiller_404_for_unknown_saison" time="0.182" /><testcase classname="backend.tests.test_saisons_lock_v14.TestSaisonLock" name="test_saisons_resume_no_cap_at_12" time="0.155" /><testcase classname="backend.tests.test_saisons_lock_v14.TestReponseSondageDelta" name="test_delta_never_negative" time="2.248" /><testcase classname="backend.tests.test_saisons_lock_v14.TestNbMembresActifsRegleManuelOuDynamique" name="test_saisons_resume_membres_regle_manuelle_ou_dynamique" time="4.014" /><testcase classname="backend.tests.test_saisons_lock_v14.TestNbMembresActifsRegleManuelOuDynamique" name="test_moyennes_dashboard_membres_regle" time="0.166" /><testcase classname="backend.tests.test_saisons_lock_v14.TestNbMembresActifsRegleManuelOuDynamique" name="test_s14_fallback_dynamique_meme_apres_lock_unlock" time="0.639" /><testcase classname="backend.tests.test_saisons_lock_v14.TestNbMembresActifsRegleManuelOuDynamique" name="test_verrouillage_ne_modifie_pas_valeurs_historiques" time="0.558" /><testcase classname="backend.tests.test_saisons_lock_v14.TestNbMembresActifsRegleManuelOuDynamique" name="test_ajout_membre_incremente_compteur_si_dynamique" time="0.595" /></testsuite></testsuites>