<?xml version="1.0" encoding="utf-8"?><testsuites name="pytest tests"><testsuite name="pytest" errors="0" failures="0" skipped="0" tests="10" time="3.416" timestamp="2026-07-27T12:35:30.236019+00:00" hostname="agent-env-dc9dd9ee-b6ff-4520-8326-f223406460fc"><testcase classname="backend.tests.test_saisons_lock_v14.TestSaisonActuelle" name="test_saison_actuelle_no_auth" time="0.116" /><testcase classname="backend.tests.test_saisons_lock_v14.TestSaisonActuelle" name="test_moyennes_dashboard_saison_actuelle_dynamique" time="0.329" /><testcase classname="backend.tests.test_saisons_lock_v14.TestSaisonLock" name="test_get_config_s14" time="0.105" /><testcase classname="backend.tests.test_saisons_lock_v14.TestSaisonLock" name="test_verrouiller_requires_auth" time="0.103" /><testcase classname="backend.tests.test_saisons_lock_v14.TestSaisonLock" name="test_verrouiller_forbidden_for_regular_member" time="0.217" /><testcase classname="backend.tests.test_saisons_lock_v14.TestSaisonLock" name="test_lock_unlock_roundtrip_admin" time="0.425" /><testcase classname="backend.tests.test_saisons_lock_v14.TestSaisonLock" name="test_lock_unlock_tresorier_ok" time="0.206" /><testcase classname="backend.tests.test_saisons_lock_v14.TestSaisonLock" name="test_verrouiller_404_for_unknown_saison" time="0.100" /><testcase classname="backend.tests.test_saisons_lock_v14.TestSaisonLock" name="test_saisons_resume_no_cap_at_12" time="0.136" /><testcase classname="backend.tests.test_saisons_lock_v14.TestReponseSondageDelta" name="test_delta_never_negative" time="1.627" /></testsuite></testsuites>