<?xml version="1.0" encoding="utf-8"?><testsuites name="pytest tests"><testsuite name="pytest" errors="0" failures="0" skipped="0" tests="8" time="0.925" timestamp="2026-04-21T14:35:17.249448+00:00" hostname="agent-env-1ad4c1a9-8425-4116-9033-a354c668667a"><testcase classname="backend.tests.test_sondages_anonymes" name="test_list_sondages_no_voter_leakage" time="0.178" /><testcase classname="backend.tests.test_sondages_anonymes" name="test_vote_multi_question" time="0.172" /><testcase classname="backend.tests.test_sondages_anonymes" name="test_mon_vote_returns_correct_vote" time="0.057" /><testcase classname="backend.tests.test_sondages_anonymes" name="test_mon_vote_inexistent" time="0.053" /><testcase classname="backend.tests.test_sondages_anonymes" name="test_double_vote_prevention_updates_existing" time="0.173" /><testcase classname="backend.tests.test_sondages_anonymes" name="test_vote_missing_membre_id_rejected" time="0.056" /><testcase classname="backend.tests.test_sondages_anonymes" name="test_aggregated_vote_counts_update" time="0.055" /><testcase classname="backend.tests.test_sondages_anonymes" name="test_preexisting_sondage_endpoint_anonymity" time="0.119" /></testsuite></testsuites>