<?xml version="1.0" encoding="utf-8"?><testsuites name="pytest tests"><testsuite name="pytest" errors="0" failures="0" skipped="0" tests="8" time="5.467" timestamp="2026-03-30T12:59:49.415776+00:00" hostname="agent-env-3edd2651-d1f9-4640-b23d-7faee66e2425"><testcase classname="backend.tests.test_profile_settings.TestAuthChangePassword" name="test_change_password_missing_fields" time="0.693" /><testcase classname="backend.tests.test_profile_settings.TestAuthChangePassword" name="test_change_password_wrong_current_password" time="1.276" /><testcase classname="backend.tests.test_profile_settings.TestAuthChangePassword" name="test_change_password_mismatch_confirmation" time="0.686" /><testcase classname="backend.tests.test_profile_settings.TestAuthChangePassword" name="test_change_password_success_and_revert" time="2.087" /><testcase classname="backend.tests.test_profile_settings.TestAuthChangePassword" name="test_change_password_invalid_member_id" time="0.115" /><testcase classname="backend.tests.test_profile_settings.TestAuthLogout" name="test_logout_endpoint" time="0.108" /><testcase classname="backend.tests.test_profile_settings.TestMemberProfile" name="test_login_returns_member_data" time="0.323" /><testcase classname="backend.tests.test_profile_settings.TestMembersEndpoint" name="test_get_members" time="0.129" /></testsuite></testsuites>