<?xml version="1.0" encoding="utf-8"?><testsuites name="pytest tests"><testsuite name="pytest" errors="0" failures="0" skipped="0" tests="15" time="10.799" timestamp="2026-07-27T17:22:45.444638+00:00" hostname="agent-env-dc9dd9ee-b6ff-4520-8326-f223406460fc"><testcase classname="backend.tests.test_saisons_lock_v14.TestSaisonActuelle" name="test_saison_actuelle_no_auth" time="0.175" /><testcase classname="backend.tests.test_saisons_lock_v14.TestSaisonActuelle" name="test_moyennes_dashboard_saison_actuelle_dynamique" time="0.473" /><testcase classname="backend.tests.test_saisons_lock_v14.TestSaisonLock" name="test_get_config_s14" time="0.121" /><testcase classname="backend.tests.test_saisons_lock_v14.TestSaisonLock" name="test_verrouiller_requires_auth" time="0.116" /><testcase classname="backend.tests.test_saisons_lock_v14.TestSaisonLock" name="test_verrouiller_forbidden_for_regular_member" time="0.271" /><testcase classname="backend.tests.test_saisons_lock_v14.TestSaisonLock" name="test_lock_unlock_roundtrip_admin" time="0.591" /><testcase classname="backend.tests.test_saisons_lock_v14.TestSaisonLock" name="test_lock_unlock_tresorier_ok" time="0.260" /><testcase classname="backend.tests.test_saisons_lock_v14.TestSaisonLock" name="test_verrouiller_404_for_unknown_saison" time="0.133" /><testcase classname="backend.tests.test_saisons_lock_v14.TestSaisonLock" name="test_saisons_resume_no_cap_at_12" time="0.141" /><testcase classname="backend.tests.test_saisons_lock_v14.TestReponseSondageDelta" name="test_delta_never_negative" time="2.344" /><testcase classname="backend.tests.test_saisons_lock_v14.TestNbMembresActifsRegleManuelOuDynamique" name="test_saisons_resume_membres_regle_manuelle_ou_dynamique" time="4.180" /><testcase classname="backend.tests.test_saisons_lock_v14.TestNbMembresActifsRegleManuelOuDynamique" name="test_moyennes_dashboard_membres_regle" time="0.140" /><testcase classname="backend.tests.test_saisons_lock_v14.TestNbMembresActifsRegleManuelOuDynamique" name="test_s14_fallback_dynamique_meme_apres_lock_unlock" time="0.629" /><testcase classname="backend.tests.test_saisons_lock_v14.TestNbMembresActifsRegleManuelOuDynamique" name="test_verrouillage_ne_modifie_pas_valeurs_historiques" time="0.633" /><testcase classname="backend.tests.test_saisons_lock_v14.TestNbMembresActifsRegleManuelOuDynamique" name="test_ajout_membre_incremente_compteur_si_dynamique" time="0.526" /></testsuite></testsuites>