<?xml version="1.0" encoding="utf-8"?><testsuites name="pytest tests"><testsuite name="pytest" errors="0" failures="0" skipped="0" tests="9" time="1.716" timestamp="2026-04-09T09:44:09.694433+00:00" hostname="agent-env-070f9dbc-6fd3-448e-a833-472308d8263a"><testcase classname="backend.tests.test_prochain_evenement_info.TestProchainEvenementInfoAPI" name="test_01_get_prochain_evenement_info_existing" time="0.138" /><testcase classname="backend.tests.test_prochain_evenement_info.TestProchainEvenementInfoAPI" name="test_02_create_prochain_evenement_info_apero" time="0.156" /><testcase classname="backend.tests.test_prochain_evenement_info.TestProchainEvenementInfoAPI" name="test_03_create_prochain_evenement_info_repas" time="0.148" /><testcase classname="backend.tests.test_prochain_evenement_info.TestProchainEvenementInfoAPI" name="test_04_verify_new_info_replaces_old" time="0.301" /><testcase classname="backend.tests.test_prochain_evenement_info.TestProchainEvenementInfoAPI" name="test_05_delete_prochain_evenement_info" time="0.178" /><testcase classname="backend.tests.test_prochain_evenement_info.TestProchainEvenementInfoAPI" name="test_06_delete_nonexistent_info" time="0.117" /><testcase classname="backend.tests.test_prochain_evenement_info.TestProchainEvenementInfoAPI" name="test_07_create_info_validation" time="0.272" /><testcase classname="backend.tests.test_prochain_evenement_info.TestMessagesAPI" name="test_01_send_message_with_info_type" time="0.183" /><testcase classname="backend.tests.test_prochain_evenement_info.TestMessagesAPI" name="test_02_get_messages" time="0.158" /></testsuite></testsuites>